{"level":"\u001b[32minfo\u001b[39m","message":"This is an info message","timestamp":"2024-12-29T12:51:50.887Z"}
{"level":"\u001b[31merror\u001b[39m","message":"This is an error message","timestamp":"2024-12-29T12:51:50.888Z"}
{"level":"\u001b[33mwarn\u001b[39m","message":"This is a warning message","timestamp":"2024-12-29T12:51:50.888Z"}
{"level":"\u001b[32minfo\u001b[39m","message":"This is an info message","timestamp":"2024-12-29T12:52:01.447Z"}
{"level":"\u001b[31merror\u001b[39m","message":"This is an error message","timestamp":"2024-12-29T12:52:01.448Z"}
{"level":"\u001b[33mwarn\u001b[39m","message":"This is a warning message","timestamp":"2024-12-29T12:52:01.448Z"}
{"level":"\u001b[32minfo\u001b[39m","message":"This is an info message","timestamp":"2024-12-29T12:53:13.131Z"}
{"level":"\u001b[31merror\u001b[39m","message":"This is an error message","timestamp":"2024-12-29T12:53:13.132Z"}
{"level":"\u001b[33mwarn\u001b[39m","message":"This is a warning message","timestamp":"2024-12-29T12:53:13.132Z"}
{"level":"\u001b[32minfo\u001b[39m","message":"This is an info message","timestamp":"2024-12-29T12:59:00.622Z"}
{"level":"\u001b[31merror\u001b[39m","message":"This is an error message","timestamp":"2024-12-29T12:59:00.623Z"}
{"level":"\u001b[33mwarn\u001b[39m","message":"This is a warning message","timestamp":"2024-12-29T12:59:00.624Z"}
{"level":"\u001b[32minfo\u001b[39m","message":"This is an info message","timestamp":"2024-12-29T12:59:24.703Z"}
{"level":"\u001b[31merror\u001b[39m","message":"This is an error message","timestamp":"2024-12-29T12:59:24.703Z"}
{"level":"\u001b[33mwarn\u001b[39m","message":"This is a warning message","timestamp":"2024-12-29T12:59:24.704Z"}
{"level":"\u001b[32minfo\u001b[39m","message":"This is an info message","timestamp":"2024-12-29T13:00:16.094Z"}
{"level":"\u001b[31merror\u001b[39m","message":"This is an error message","timestamp":"2024-12-29T13:00:16.094Z"}
{"level":"\u001b[33mwarn\u001b[39m","message":"This is a warning message","timestamp":"2024-12-29T13:00:16.095Z"}
{"level":"\u001b[32minfo\u001b[39m","message":"This is an info message","timestamp":"2024-12-29T13:05:54.861Z"}
{"level":"\u001b[31merror\u001b[39m","message":"This is an error message","timestamp":"2024-12-29T13:05:54.862Z"}
{"level":"\u001b[33mwarn\u001b[39m","message":"This is a warning message","timestamp":"2024-12-29T13:05:54.862Z"}
{"level":"\u001b[32minfo\u001b[39m","message":"This is an info message","timestamp":"2024-12-29T14:18:57.564Z"}
{"level":"\u001b[31merror\u001b[39m","message":"This is an error message","timestamp":"2024-12-29T14:18:57.565Z"}
{"level":"\u001b[33mwarn\u001b[39m","message":"This is a warning message","timestamp":"2024-12-29T14:18:57.566Z"}
{"level":"\u001b[32minfo\u001b[39m","message":"{\"method\":\"GET\",\"url\":\"/teas\",\"status\":\"200\",\"responseTime\":\"3.203\"}","timestamp":"2024-12-29T14:23:09.474Z"}
{"level":"\u001b[32minfo\u001b[39m","message":"{\"method\":\"PUT\",\"url\":\"/teas\",\"status\":\"404\",\"responseTime\":\"0.358\"}","timestamp":"2024-12-29T14:23:23.561Z"}
{"level":"\u001b[32minfo\u001b[39m","message":"{\"method\":\"POST\",\"url\":\"/teas\",\"status\":\"201\",\"responseTime\":\"0.855\"}","timestamp":"2024-12-29T14:23:31.299Z"}
{"level":"\u001b[32minfo\u001b[39m","message":"{\"method\":\"POST\",\"url\":\"/teas\",\"status\":\"201\",\"responseTime\":\"0.534\"}","timestamp":"2024-12-29T14:23:32.585Z"}
{"level":"\u001b[32minfo\u001b[39m","message":"{\"method\":\"POST\",\"url\":\"/teas\",\"status\":\"201\",\"responseTime\":\"0.945\"}","timestamp":"2024-12-29T14:23:33.616Z"}
{"level":"\u001b[32minfo\u001b[39m","message":"{\"method\":\"POST\",\"url\":\"/teas\",\"status\":\"201\",\"responseTime\":\"1.539\"}","timestamp":"2024-12-29T14:23:34.434Z"}
{"level":"\u001b[32minfo\u001b[39m","message":"{\"method\":\"POST\",\"url\":\"/teas\",\"status\":\"201\",\"responseTime\":\"0.301\"}","timestamp":"2024-12-29T14:23:35.184Z"}
{"level":"\u001b[32minfo\u001b[39m","message":"{\"method\":\"PUT\",\"url\":\"/teas/1\",\"status\":\"200\",\"responseTime\":\"0.915\"}","timestamp":"2024-12-29T14:23:40.305Z"}
{"level":"\u001b[32minfo\u001b[39m","message":"{\"method\":\"PUT\",\"url\":\"/teas/1\",\"status\":\"200\",\"responseTime\":\"0.266\"}","timestamp":"2024-12-29T14:23:41.644Z"}
{"level":"\u001b[32minfo\u001b[39m","message":"{\"method\":\"PUT\",\"url\":\"/teas\",\"status\":\"200\",\"responseTime\":\"0.638\"}","timestamp":"2024-12-29T14:23:46.292Z"}
{"level":"\u001b[32minfo\u001b[39m","message":"{\"method\":\"PUT\",\"url\":\"/teas\",\"status\":\"200\",\"responseTime\":\"0.347\"}","timestamp":"2024-12-29T14:23:48.639Z"}
{"level":"\u001b[32minfo\u001b[39m","message":"{\"method\":\"GET\",\"url\":\"/teas\",\"status\":\"200\",\"responseTime\":\"2.477\"}","timestamp":"2024-12-29T14:25:21.274Z"}
{"level":"\u001b[32minfo\u001b[39m","message":"{\"method\":\"GET\",\"url\":\"/\",\"status\":\"200\",\"responseTime\":\"0.758\"}","timestamp":"2024-12-29T14:25:25.041Z"}
{"level":"\u001b[32minfo\u001b[39m","message":"{\"method\":\"GET\",\"url\":\"/testing\",\"status\":\"404\",\"responseTime\":\"1.517\"}","timestamp":"2024-12-29T14:28:07.644Z"}
{"level":"\u001b[32minfo\u001b[39m","message":"{\"method\":\"GET\",\"url\":\"/\",\"status\":\"200\",\"responseTime\":\"3.585\"}","timestamp":"2024-12-29T14:28:13.503Z"}
{"level":"\u001b[32minfo\u001b[39m","message":"{\"method\":\"GET\",\"url\":\"/reas\",\"status\":\"404\",\"responseTime\":\"1.070\"}","timestamp":"2024-12-29T14:28:18.340Z"}
{"level":"\u001b[32minfo\u001b[39m","message":"{\"method\":\"GET\",\"url\":\"/testing\",\"status\":\"404\",\"responseTime\":\"0.990\"}","timestamp":"2024-12-29T14:28:23.113Z"}
{"level":"\u001b[32minfo\u001b[39m","message":"{\"method\":\"POST\",\"url\":\"/teas\",\"status\":\"201\",\"responseTime\":\"0.342\"}","timestamp":"2024-12-29T14:28:25.760Z"}
{"level":"\u001b[32minfo\u001b[39m","message":"{\"method\":\"PUT\",\"url\":\"/teas/1\",\"status\":\"200\",\"responseTime\":\"0.411\"}","timestamp":"2024-12-29T14:28:29.576Z"}
{"level":"\u001b[32minfo\u001b[39m","message":"{\"method\":\"PUT\",\"url\":\"/teas\",\"status\":\"200\",\"responseTime\":\"0.501\"}","timestamp":"2024-12-29T14:28:32.825Z"}
{"level":"\u001b[32minfo\u001b[39m","message":"{\"method\":\"DELETE\",\"url\":\"/teas/6\",\"status\":\"200\",\"responseTime\":\"1.069\"}","timestamp":"2024-12-29T14:28:42.994Z"}
{"level":"\u001b[32minfo\u001b[39m","message":"{\"method\":\"DELETE\",\"url\":\"/teas\",\"status\":\"200\",\"responseTime\":\"1.024\"}","timestamp":"2024-12-29T14:28:47.080Z"}
{"level":"\u001b[32minfo\u001b[39m","message":"{\"method\":\"DELETE\",\"url\":\"/teas\",\"status\":\"404\",\"responseTime\":\"0.547\"}","timestamp":"2024-12-29T14:28:51.104Z"}
{"level":"\u001b[32minfo\u001b[39m","message":"{\"method\":\"GET\",\"url\":\"/\",\"status\":\"200\",\"responseTime\":\"0.239\"}","timestamp":"2024-12-29T14:29:08.091Z"}
{"level":"\u001b[32minfo\u001b[39m","message":"{\"method\":\"GET\",\"url\":\"/reas\",\"status\":\"404\",\"responseTime\":\"0.313\"}","timestamp":"2024-12-29T14:29:12.436Z"}
{"0":{"description":"A spiced black tea blend combining Assam teas with ginger root, cassia, black pepper, cloves, and cardamom for a rich and spicy brew.","id":4,"image":"https://cdn.shopify.com/s/files/1/0049/8887/5457/products/Masala_Chai_1_1024x1024.jpg?v=1625748241","name":"Updated Masala Tea","price":"16.99"},"1":{"description":"Now with extra ginger!","id":5,"image":"https://cdn.shopify.com/s/files/1/0049/8887/5457/products/Ginger_Masala_Chai_1_1024x1024.jpg?v=1625748241","name":"Sanche Ginger Masala Chai","price":"₹350.00"},"level":"\u001b[32minfo\u001b[39m","message":"200","timestamp":"2024-12-29T14:29:37.174Z"}
{"level":"\u001b[32minfo\u001b[39m","message":"{\"method\":\"GET\",\"url\":\"/teas/\",\"status\":\"200\",\"responseTime\":\"1.452\"}","timestamp":"2024-12-29T14:29:37.176Z"}
{"level":"\u001b[32minfo\u001b[39m","message":"{\"method\":\"PUT\",\"url\":\"/teas/\",\"status\":\"200\",\"responseTime\":\"1.007\"}","timestamp":"2024-12-29T14:29:58.008Z"}
{"level":"\u001b[32minfo\u001b[39m","message":"{\"method\":\"PUT\",\"url\":\"/teas/\",\"status\":\"200\",\"responseTime\":\"0.306\"}","timestamp":"2024-12-29T14:30:00.669Z"}
{"level":"\u001b[32minfo\u001b[39m","message":"{\"method\":\"PUT\",\"url\":\"/teas/\",\"status\":\"404\",\"responseTime\":\"0.300\"}","timestamp":"2024-12-29T14:30:08.288Z"}
{"level":"\u001b[32minfo\u001b[39m","message":"{\"method\":\"POST\",\"url\":\"/teas\",\"status\":\"201\",\"responseTime\":\"0.346\"}","timestamp":"2024-12-29T14:30:18.638Z"}
{"level":"\u001b[32minfo\u001b[39m","message":"{\"method\":\"POST\",\"url\":\"/teas\",\"status\":\"201\",\"responseTime\":\"0.336\"}","timestamp":"2024-12-29T14:30:19.421Z"}
{"level":"\u001b[32minfo\u001b[39m","message":"{\"method\":\"PUT\",\"url\":\"/teas/\",\"status\":\"200\",\"responseTime\":\"0.277\"}","timestamp":"2024-12-29T14:30:23.968Z"}
{"level":"\u001b[32minfo\u001b[39m","message":"{\"method\":\"DELETE\",\"url\":\"/teas/6\",\"status\":\"404\",\"responseTime\":\"0.432\"}","timestamp":"2024-12-29T14:30:31.344Z"}
{"0":{"description":"A spiced black tea blend combining Assam teas with ginger root, cassia, black pepper, cloves, and cardamom for a rich and spicy brew.","id":4,"image":"https://cdn.shopify.com/s/files/1/0049/8887/5457/products/Masala_Chai_1_1024x1024.jpg?v=1625748241","name":"Updated Masala Tea","price":"16.99"},"1":{"description":"Now with extra ginger!","id":5,"image":"https://cdn.shopify.com/s/files/1/0049/8887/5457/products/Ginger_Masala_Chai_1_1024x1024.jpg?v=1625748241","name":"Sanche Ginger Masala Chai","price":"₹350.00"},"10":{"description":"A rich blend of black tea with indulgent spices and an added layer of ginger for an extra zing, offering a vibrant tea experience.","id":15,"image":"https://cdn.shopify.com/s/files/1/0049/8887/5457/products/Ginger_Masala_Chai_1_1024x1024.jpg?v=1625748241","name":"Vahdam Ginger Masala Chai Tea","price":"$14.99"},"11":{"description":"A spiced black tea blend combining Assam teas with ginger root, cassia, black pepper, cloves, and cardamom for a rich and spicy brew.","id":16,"image":"https://cdn.shopify.com/s/files/1/0049/8887/5457/products/Masala_Chai_1_1024x1024.jpg?v=1625748241","name":"Smith Teamaker Masala Chai","price":"$12.99"},"12":{"description":"Fresh black tea from select estates blended with sweet and spicy Indian ginger and masala, offering a traditional chai experience.","id":17,"image":"https://cdn.shopify.com/s/files/1/0049/8887/5457/products/Ginger_Masala_Chai_1_1024x1024.jpg?v=1625748241","name":"Sanche Ginger Masala Chai","price":"₹350.00"},"13":{"description":"A sweet and spicy premium blend of the finest black teas and authentic ginger root, inspired by traditional Indian chai.","id":18,"image":"https://i5.walmartimages.com/asr/1b5c5e5e-4b5c-4b5c-4b5c-4b5c4b5c4b5c4b5c4b5c4b5c4b5c4b5c4b5c4b5c4b5c4b5c4b5c4b5c4b5c4b5c4b5c4b5c4b5c4b5c4b5c4b5c4b5c4b5c4b5c4b5c4b5c4b5c4b5c4b5c4b5c4b5c4b5c4b5c4b5c4b5c4b5c4b5c4b5c4b5c4b5c4b5c4b5c4b5c4b5c4b5c4b5c4b5c4b5c4b5c4b5c4b5c4b5c4b5c4b5c4b5c4b5c4b5c4b5c4b5c4b5c4b5c4b5c4b5c4b5c4b5c4b5c4b5c4b5c4b5c4b5c4b5c4b5c4b5c4b5c4b5c4b5c4b5c4b5c4b5c4b5c4b5c4b5c4b5c4b5c4b5c4b5c4b5c4b5c4b5c4b5c4b5c4b5c4b5c4b5c4b5c4b5c4b5c4b5c4b5c4b5c4b5c4b5c4b5c4b5c4b5c4b5c4b5c4b5c4b5c4b5c4b5c4b5c4b5c4b5c4b5c4b5c4b5c4b5c4b5c4b5c4b5c4b5c4b5c4b5c4b5c4b5c4b5c4b5c4b5c4b5c4b5c4b5c4b5c4b5c4b5c4b5c4b5c4b5c4b5c4b5c4b5c4b5c4b5c4b5c4b5c4b5c4b5c4b5c4b5c4b5c4b5c4b5c4b5c4b5c4b5c4b5c4b5c4b5c4b5c4b5c4b5c4b5c4b5c4b5c4b5c4b5c4b5c4b5c4b5c4b5c4b5c4b5c4b5c4b5c4b5c4b5c4b5c4b5c4b5c4b5c4b5c4b5c4b5c4b5c4b5c4b5c4b5c4b5c4b5c4b5c4b5c4b5c4b5c4b5c4b5c4b5c4b5c4b5c4b5c4b5c4b5c4b5c4b5c4b5c4b5c4b5c4b5c4b5c4b5c4b5c4b5c4b5c4b5c4b5c4b5c4b5c4b5c4b5c4b5c4b5c4b5c4b::contentReference[oaicite:1]{index=1}","name":"Tea India Ginger Chai Black Tea","price":"$14.95"},"2":{"description":"Aromatic and flavorful masala tea made with a blend of Indian black tea and exotic spices, offering instant freshness and refreshment.","id":7,"image":"https://m.media-amazon.com/images/I/71z5Jc5p+DL._SX679_.jpg","name":"Updated Masala Tea","price":"16.99"},"3":{"description":"Authentic Indian masala chai infused with natural ginger, providing a traditional and invigorating tea experience.","id":8,"image":"https://m.media-amazon.com/images/I/71z5Jc5p+DL._SX679_.jpg","name":"TeaNOURISH Ginger Masala Chai Tea","price":"$14.95"},"4":{"description":"Now with extra ginger!","id":9,"image":"https://cdn.shopify.com/s/files/1/0049/8887/5457/products/Ginger_Masala_Chai_1_1024x1024.jpg?v=1625748241","name":"Vahdam Ginger Masala Chai Tea","price":"$14.99"},"5":{"description":"A spiced black tea blend combining Assam teas with ginger root, cassia, black pepper, cloves, and cardamom for a rich and spicy brew.","id":10,"image":"https://cdn.shopify.com/s/files/1/0049/8887/5457/products/Masala_Chai_1_1024x1024.jpg?v=1625748241","name":"Smith Teamaker Masala Chai","price":"$12.99"},"6":{"description":"Fresh black tea from select estates blended with sweet and spicy Indian ginger and masala, offering a traditional chai experience.","id":11,"image":"https://cdn.shopify.com/s/files/1/0049/8887/5457/products/Ginger_Masala_Chai_1_1024x1024.jpg?v=1625748241","name":"Sanche Ginger Masala Chai","price":"₹350.00"},"7":{"description":"A sweet and spicy premium blend of the finest black teas and authentic ginger root, inspired by traditional Indian chai.","id":12,"image":"https://i5.walmartimages.com/asr/1b5c5e5e-4b5c-4b5c-4b5c-4b5c4b5c4b5c4b5c4b5c4b5c4b5c4b5c4b5c4b5c4b5c4b5c4b5c4b5c4b5c4b5c4b5c4b5c4b5c4b5c4b5c4b5c4b5c4b5c4b5c4b5c4b5c4b5c4b5c4b5c4b5c4b5c4b5c4b5c4b5c4b5c4b5c4b5c4b5c4b5c4b5c4b5c4b5c4b5c4b5c4b5c4b5c4b5c4b5c4b5c4b5c4b5c4b5c4b5c4b5c4b5c4b5c4b5c4b5c4b5c4b5c4b5c4b5c4b5c4b5c4b5c4b5c4b5c4b5c4b5c4b5c4b5c4b5c4b5c4b5c4b5c4b5c4b5c4b5c4b5c4b5c4b5c4b5c4b5c4b5c4b5c4b5c4b5c4b5c4b5c4b5c4b5c4b5c4b5c4b5c4b5c4b5c4b5c4b5c4b5c4b5c4b5c4b5c4b5c4b5c4b5c4b5c4b5c4b5c4b5c4b5c4b5c4b5c4b5c4b5c4b5c4b5c4b5c4b5c4b5c4b5c4b5c4b5c4b5c4b5c4b5c4b5c4b5c4b5c4b5c4b5c4b5c4b5c4b5c4b5c4b5c4b5c4b5c4b5c4b5c4b5c4b5c4b5c4b5c4b5c4b5c4b5c4b5c4b5c4b5c4b5c4b5c4b5c4b5c4b5c4b5c4b5c4b5c4b5c4b5c4b5c4b5c4b5c4b5c4b5c4b5c4b5c4b5c4b5c4b5c4b5c4b5c4b5c4b5c4b5c4b5c4b5c4b5c4b5c4b5c4b5c4b5c4b5c4b5c4b5c4b5c4b5c4b5c4b5c4b5c4b5c4b5c4b5c4b5c4b5c4b5c4b5c4b5c4b5c4b5c4b5c4b5c4b5c4b5c4b5c4b5c4b5c4b5c4b5c4b5c4b5c4b5c4b5c4b5c4b5c4b5c4b5c4b5c4b5c4b5c4b5c4b5c4b::contentReference[oaicite:1]{index=1}","name":"Tea India Ginger Chai Black Tea","price":"$14.95"},"8":{"description":"Aromatic and flavorful masala tea made with a blend of Indian black tea and exotic spices, offering instant freshness and refreshment.","id":13,"image":"https://m.media-amazon.com/images/I/71z5Jc5p+DL._SX679_.jpg","name":"Society Masala Tea","price":"$14.95"},"9":{"description":"Authentic Indian masala chai infused with natural ginger, providing a traditional and invigorating tea experience.","id":14,"image":"https://m.media-amazon.com/images/I/71z5Jc5p+DL._SX679_.jpg","name":"TeaNOURISH Ginger Masala Chai Tea","price":"$14.95"},"level":"\u001b[32minfo\u001b[39m","message":"200","timestamp":"2024-12-29T14:30:37.433Z"}
{"level":"\u001b[32minfo\u001b[39m","message":"{\"method\":\"GET\",\"url\":\"/teas/\",\"status\":\"200\",\"responseTime\":\"1.137\"}","timestamp":"2024-12-29T14:30:37.434Z"}
{"level":"\u001b[32minfo\u001b[39m","message":"{\"method\":\"DELETE\",\"url\":\"/teas/7\",\"status\":\"200\",\"responseTime\":\"0.514\"}","timestamp":"2024-12-29T14:30:51.180Z"}
{"level":"\u001b[32minfo\u001b[39m","message":"{\"method\":\"DELETE\",\"url\":\"/teas\",\"status\":\"404\",\"responseTime\":\"0.488\"}","timestamp":"2024-12-29T14:30:58.827Z"}
{"level":"\u001b[32minfo\u001b[39m","message":"{\"method\":\"DELETE\",\"url\":\"/teas\",\"status\":\"200\",\"responseTime\":\"0.304\"}","timestamp":"2024-12-29T14:31:09.091Z"}
{"level":"\u001b[32minfo\u001b[39m","message":"{\"method\":\"DELETE\",\"url\":\"/teas\",\"status\":\"404\",\"responseTime\":\"1.314\"}","timestamp":"2024-12-29T14:31:17.107Z"}
{"level":"\u001b[32minfo\u001b[39m","message":"{\"method\":\"DELETE\",\"url\":\"/teas/\",\"status\":\"404\",\"responseTime\":\"0.433\"}","timestamp":"2024-12-29T14:31:25.086Z"}
{"level":"\u001b[32minfo\u001b[39m","message":"{\"method\":\"DELETE\",\"url\":\"/teas/delete_all\",\"status\":\"200\",\"responseTime\":\"0.651\"}","timestamp":"2024-12-29T14:31:39.521Z"}
{"level":"\u001b[32minfo\u001b[39m","message":"200","timestamp":"2024-12-29T14:31:44.392Z"}
{"level":"\u001b[32minfo\u001b[39m","message":"{\"method\":\"GET\",\"url\":\"/teas/\",\"status\":\"200\",\"responseTime\":\"0.879\"}","timestamp":"2024-12-29T14:31:44.393Z"}
{"level":"\u001b[32minfo\u001b[39m","message":"200","timestamp":"2024-12-29T14:31:53.517Z"}
{"level":"\u001b[32minfo\u001b[39m","message":"{\"method\":\"GET\",\"url\":\"/teas/\",\"status\":\"200\",\"responseTime\":\"0.747\"}","timestamp":"2024-12-29T14:31:53.518Z"}
{"level":"\u001b[32minfo\u001b[39m","message":"{\"method\":\"POST\",\"url\":\"/teas\",\"status\":\"201\",\"responseTime\":\"0.292\"}","timestamp":"2024-12-29T14:31:57.133Z"}
{"level":"\u001b[32minfo\u001b[39m","message":"{\"method\":\"POST\",\"url\":\"/teas\",\"status\":\"201\",\"responseTime\":\"1.179\"}","timestamp":"2024-12-29T14:31:58.187Z"}
{"level":"\u001b[32minfo\u001b[39m","message":"{\"method\":\"POST\",\"url\":\"/teas\",\"status\":\"201\",\"responseTime\":\"0.519\"}","timestamp":"2024-12-29T14:31:58.991Z"}
{"level":"\u001b[32minfo\u001b[39m","message":"{\"method\":\"POST\",\"url\":\"/teas\",\"status\":\"201\",\"responseTime\":\"0.284\"}","timestamp":"2024-12-29T14:31:59.422Z"}
{"level":"\u001b[32minfo\u001b[39m","message":"{\"method\":\"POST\",\"url\":\"/teas\",\"status\":\"201\",\"responseTime\":\"0.283\"}","timestamp":"2024-12-29T14:32:03.265Z"}
{"level":"\u001b[32minfo\u001b[39m","message":"{\"method\":\"POST\",\"url\":\"/teas\",\"status\":\"201\",\"responseTime\":\"0.941\"}","timestamp":"2024-12-29T14:32:03.934Z"}
{"level":"\u001b[32minfo\u001b[39m","message":"{\"method\":\"POST\",\"url\":\"/teas\",\"status\":\"201\",\"responseTime\":\"0.301\"}","timestamp":"2024-12-29T14:32:04.770Z"}
{"level":"\u001b[32minfo\u001b[39m","message":"{\"method\":\"POST\",\"url\":\"/teas\",\"status\":\"201\",\"responseTime\":\"1.045\"}","timestamp":"2024-12-29T14:32:05.622Z"}
{"level":"\u001b[32minfo\u001b[39m","message":"{\"method\":\"POST\",\"url\":\"/teas\",\"status\":\"201\",\"responseTime\":\"0.309\"}","timestamp":"2024-12-29T14:32:06.472Z"}
{"level":"\u001b[32minfo\u001b[39m","message":"{\"method\":\"POST\",\"url\":\"/teas\",\"status\":\"201\",\"responseTime\":\"0.585\"}","timestamp":"2024-12-29T14:32:07.213Z"}
